This is pdfTeX, Version 3.1415926-1.40.10 (TeX Live 2009/openSUSE) (format=pdflatex 2011.1.28)  22 FEB 2011 13:45
entering extended mode
 %&-line parsing enabled.
**helices.en.pdf
(./helices.en.pdf
LaTeX2e <2009/09/24>
Babel <v3.8l> and hyphenation patterns for english, usenglishmax, dumylang, noh
yphenation, german-x-2009-06-19, ngerman-x-2009-06-19, ancientgreek, ibycus, ar
abic, basque, bulgarian, catalan, pinyin, coptic, croatian, czech, danish, dutc
h, esperanto, estonian, farsi, finnish, french, galician, german, ngerman, mono
greek, greek, hungarian, icelandic, indonesian, interlingua, irish, italian, ku
rmanji, latin, latvian, lithuanian, mongolian, mongolian2a, bokmal, nynorsk, po
lish, portuguese, romanian, russian, sanskrit, serbian, slovak, slovenian, span
ish, swedish, turkish, ukenglish, ukrainian, uppersorbian, welsh, loaded.

! LaTeX Error: Missing \begin{document}.

See the LaTeX manual or LaTeX Companion for explanation.
Type  H <return>  for immediate help.
 ...                                              
                                                  
l.3 3
      0 obj
? fg
Type <return> to proceed, S to scroll future error messages,
R to run without stopping, Q to run quietly,
I to insert something, E to edit your file,
1 or ... or 9 to ignore the next 1 to 9 tokens of input,
H for help, X to quit.
? fg
Type <return> to proceed, S to scroll future error messages,
R to run without stopping, Q to run quietly,
I to insert something, E to edit your file,
1 or ... or 9 to ignore the next 1 to 9 tokens of input,
H for help, X to quit.
? 
! Interruption.
\GenericError  ...                                
                                                  \endgroup 
l.3 3
      0 obj
? ^^Y
Type <return> to proceed, S to scroll future error messages,
R to run without stopping, Q to run quietly,
I to insert something, E to edit your file,
H for help, X to quit.
? ^^Y
Type <return> to proceed, S to scroll future error messages,
R to run without stopping, Q to run quietly,
I to insert something, E to edit your file,
H for help, X to quit.
? 
Missing character: There is no 3 in font nullfont!
Missing character: There is no 0 in font nullfont!
Missing character: There is no o in font nullfont!
Missing character: There is no b in font nullfont!
Missing character: There is no j in font nullfont!
Missing character: There is no < in font nullfont!
Missing character: There is no < in font nullfont!
Missing character: There is no / in font nullfont!
Missing character: There is no p in font nullfont!
Missing character: There is no g in font nullfont!
Missing character: There is no f in font nullfont!
Missing character: There is no p in font nullfont!
Missing character: There is no r in font nullfont!
Missing character: There is no g in font nullfont!
Missing character: There is no b in font nullfont!
Missing character: There is no [ in font nullfont!
Missing character: There is no / in font nullfont!
Missing character: There is no P in font nullfont!
Missing character: There is no a in font nullfont!
Missing character: There is no t in font nullfont!
Missing character: There is no t in font nullfont!
Missing character: There is no e in font nullfont!
Missing character: There is no r in font nullfont!
Missing character: There is no n in font nullfont!
Missing character: There is no / in font nullfont!
Missing character: There is no D in font nullfont!
Missing character: There is no e in font nullfont!
Missing character: There is no v in font nullfont!
Missing character: There is no i in font nullfont!
Missing character: There is no c in font nullfont!
Missing character: There is no e in font nullfont!
Missing character: There is no R in font nullfont!
Missing character: There is no G in font nullfont!
Missing character: There is no B in font nullfont!
Missing character: There is no ] in font nullfont!
Missing character: There is no > in font nullfont!
Missing character: There is no > in font nullfont!
Missing character: There is no e in font nullfont!
Missing character: There is no n in font nullfont!
Missing character: There is no d in font nullfont!
Missing character: There is no o in font nullfont!
Missing character: There is no b in font nullfont!
Missing character: There is no j in font nullfont!
Missing character: There is no 8 in font nullfont!
Missing character: There is no 0 in font nullfont!
Missing character: There is no o in font nullfont!
Missing character: There is no b in font nullfont!
Missing character: There is no j in font nullfont!
Missing character: There is no < in font nullfont!
Missing character: There is no < in font nullfont!
Missing character: There is no / in font nullfont!
Missing character: There is no S in font nullfont!
Missing character: There is no / in font nullfont!
Missing character: There is no G in font nullfont!
Missing character: There is no o in font nullfont!
Missing character: There is no T in font nullfont!
Missing character: There is no o in font nullfont!
Missing character: There is no / in font nullfont!
Missing character: There is no D in font nullfont!
Missing character: There is no [ in font nullfont!
Missing character: There is no 9 in font nullfont!
Missing character: There is no 0 in font nullfont!
Missing character: There is no R in font nullfont!
Missing character: There is no / in font nullfont!
Missing character: There is no F in font nullfont!
Missing character: There is no i in font nullfont!
Missing character: There is no t in font nullfont!
Missing character: There is no ] in font nullfont!
Missing character: There is no > in font nullfont!
Missing character: There is no > in font nullfont!
Missing character: There is no e in font nullfont!
Missing character: There is no n in font nullfont!
Missing character: There is no d in font nullfont!
Missing character: There is no o in font nullfont!
Missing character: There is no b in font nullfont!
Missing character: There is no j in font nullfont!
Missing character: There is no 3 in font nullfont!
Missing character: There is no 7 in font nullfont!
Missing character: There is no 0 in font nullfont!
Missing character: There is no o in font nullfont!
Missing character: There is no b in font nullfont!
Missing character: There is no j in font nullfont!
Missing character: There is no < in font nullfont!
Missing character: There is no < in font nullfont!
Missing character: There is no / in font nullfont!
Missing character: There is no L in font nullfont!
Missing character: There is no e in font nullfont!
Missing character: There is no n in font nullfont!
Missing character: There is no g in font nullfont!
Missing character: There is no t in font nullfont!
Missing character: There is no h in font nullfont!
Missing character: There is no 1 in font nullfont!
Missing character: There is no 5 in font nullfont!
Missing character: There is no 1 in font nullfont!
Missing character: There is no 3 in font nullfont!
Missing character: There is no / in font nullfont!
Missing character: There is no F in font nullfont!
Missing character: There is no i in font nullfont!
Missing character: There is no l in font nullfont!
Missing character: There is no t in font nullfont!
Missing character: There is no e in font nullfont!
Missing character: There is no r in font nullfont!
Missing character: There is no / in font nullfont!
Missing character: There is no F in font nullfont!
Missing character: There is no l in font nullfont!
Missing character: There is no a in font nullfont!
Missing character: There is no t in font nullfont!
Missing character: There is no e in font nullfont!
Missing character: There is no D in font nullfont!
Missing character: There is no e in font nullfont!
Missing character: There is no c in font nullfont!
Missing character: There is no o in font nullfont!
Missing character: There is no d in font nullfont!
Missing character: There is no e in font nullfont!
Missing character: There is no > in font nullfont!
Missing character: There is no > in font nullfont!
Missing character: There is no s in font nullfont!
Missing character: There is no t in font nullfont!
Missing character: There is no r in font nullfont!
Missing character: There is no e in font nullfont!
Missing character: There is no a in font nullfont!
Missing character: There is no m in font nullfont!
Missing character: There is no x in font nullfont!
Missing character: There is no Ú in font nullfont!
Missing character: There is no Õ in font nullfont!
! Text line contains an invalid character.
l.14 xÚÕ^^Y
           ËrÛ6ð®¯ÀQš	Q¼H^^BÇ6^^O7¹´Ž”é¡ÓƒÂP¶f$Ñ–äfò÷Ý]^^P^^OJ´^^[;išxF‚°Ü÷...

? 
Missing character: There is no Ë in font nullfont!
Missing character: There is no r in font nullfont!
Missing character: There is no Û in font nullfont!
Missing character: There is no 6 in font nullfont!
Missing character: There is no ð in font nullfont!
Missing character: There is no ® in font nullfont!
Missing character: There is no ¯ in font nullfont!
Missing character: There is no À in font nullfont!
Missing character: There is no Q in font nullfont!
Missing character: There is no š in font nullfont!
Missing character: There is no Q in font nullfont!
Missing character: There is no ¼ in font nullfont!
Missing character: There is no H in font nullfont!
! Text line contains an invalid character.
l.14 xÚÕ^^YËrÛ6ð®¯ÀQš	Q¼H^^B
                            Ç6^^O7¹´Ž”é¡ÓƒÂP¶f$Ñ–äfò÷Ý]^^P^^OJ´^^[;išxF‚°Ü÷...

? 
Missing character: There is no Ç in font nullfont!
Missing character: There is no 6 in font nullfont!
! Text line contains an invalid character.
l.14 xÚÕ^^YËrÛ6ð®¯ÀQš	Q¼H^^BÇ6^^O
                                 7¹´Ž”é¡ÓƒÂP¶f$Ñ–äfò÷Ý]^^P^^OJ´^^[;išxF‚°Ü÷...

? 
Missing character: There is no 7 in font nullfont!
Missing character: There is no ¹ in font nullfont!
Missing character: There is no ´ in font nullfont!
Missing character: There is no Ž in font nullfont!
Missing character: There is no ” in font nullfont!
Missing character: There is no é in font nullfont!
Missing character: There is no ¡ in font nullfont!
Missing character: There is no Ó in font nullfont!
Missing character: There is no ƒ in font nullfont!
Missing character: There is no Â in font nullfont!
Missing character: There is no P in font nullfont!
Missing character: There is no ¶ in font nullfont!
Missing character: There is no f in font nullfont!
LaTeX Font Info:    External font `cmex10' loaded for size
(Font)              <7> on input line 14.
LaTeX Font Info:    External font `cmex10' loaded for size
(Font)              <5> on input line 14.
! Text line contains an invalid character.
l.14 ...®¯ÀQš	Q¼H^^BÇ6^^O7¹´Ž”é¡ÓƒÂP¶f$Ñ–äfò÷Ý]^^P
                                                  ^^OJ´^^[;išxF‚°Ü÷KX°+&ØÅD...

? 
! Text line contains an invalid character.
l.14 ...Qš	Q¼H^^BÇ6^^O7¹´Ž”é¡ÓƒÂP¶f$Ñ–äfò÷Ý]^^P^^O
                                                  J´^^[;išxF‚°Ü÷KX°+&ØÅDœ¬^...

? 
! Text line contains an invalid character.
l.14 ...H^^BÇ6^^O7¹´Ž”é¡ÓƒÂP¶f$Ñ–äfò÷Ý]^^P^^OJ´^^[
                                                  ;išxF‚°Ü÷KX°+&ØÅDœ¬^^RV	ë...

? 
! Text line contains an invalid character.
l.14 ...¹´Ž”é¡ÓƒÂP¶f$Ñ–äfò÷Ý]^^P^^OJ´^^[;išxF‚°Ü÷
                                                  KX°+&ØÅDœ¬^^RV	ë-@^^DÓ•âV—...

? 
! Misplaced alignment tab character &.
l.14 ...¡ÓƒÂP¶f$Ñ–äfò÷Ý]^^P^^OJ´^^[;išxF‚°Ü÷KX°+&
                                                  ØÅDœ¬^^RV	ë-@^^DÓ•âV—LÕŠKU...

? 
! Text line contains an invalid character.
l.14 ...Ñ–äfò÷Ý]^^P^^OJ´^^[;išxF‚°Ü÷KX°+&ØÅDœ¬^^R
                                                  V	ë-@^^DÓ•âV—LÕŠKU±}ËV“Ë3¢...

? 
! Text line contains an invalid character.
l.14 ...^^P^^OJ´^^[;išxF‚°Ü÷KX°+&ØÅDœ¬^^RV	ë-@^^D
                                                  Ó•âV—LÕŠKU±}ËV“Ë3¢G¯\1ÿ©Ùþ...

? 
! Extra }, or forgotten $.
l.14 ...išxF‚°Ü÷KX°+&ØÅDœ¬^^RV	ë-@^^DÓ•âV—LÕŠKU±}
                                                  ËV“Ë3¢G¯\1ÿ©ÙþŠåÛ·ÿ^^W×`ø9...

? 
! Undefined control sequence.
l.14 ...X°+&ØÅDœ¬^^RV	ë-@^^DÓ•âV—LÕŠKU±}ËV“Ë3¢G¯\1
                                                  ÿ©ÙþŠåÛ·ÿ^^W×`ø9×Ê²þËZÏx^^...

? 
! Text line contains an invalid character.
l.14 ...V	ë-@^^DÓ•âV—LÕŠKU±}ËV“Ë3¢G¯\1ÿ©ÙþŠåÛ·ÿ^^W
                                                  ×`ø9×Ê²þËZÏx^^@y‹´è,É”6Ü	Ç...

? 
! Text line contains an invalid character.
l.14 ...ŠKU±}ËV“Ë3¢G¯\1ÿ©ÙþŠåÛ·ÿ^^W×`ø9×Ê²þËZÏx^^@
                                                  y‹´è,É”6Ü	Ç¤áV±f;¹e“3l6Â^^...

? 
! Text line contains an invalid character.
l.14 ...×`ø9×Ê²þËZÏx^^@y‹´è,É”6Ü	Ç¤áV±f;¹e“3l6Â^^R
                                                  @ÚÙ’}dHb¹ª
? 
! Extra }, or forgotten $.
l.14 ...Ê²þËZÏx^^@y‹´è,É”6Ü	Ç¤áV±f;¹e“3l6Â^^R@ÚÙ’}
                                                  dHb¹ª
? 
! Text line contains an invalid character.
l.15 hîj!™æÚÖZ3^^E
                  HR”^^X…9›\"•5¬ÿrÆë6€€nÀÏp^^A^^?%€ŒsÎ²-pBˆŠë†^^E^^\ÍKX5@VLV...

? 
! Text line contains an invalid character.
l.15 hîj!™æÚÖZ3^^EHR”^^X
                        …9›\"•5¬ÿrÆë6€€nÀÏp^^A^^?%€ŒsÎ²-pBˆŠë†^^E^^\ÍKX5@VLV...

? 

LaTeX Warning: Command \" invalid in math mode on input line 15.


LaTeX Warning: Command \" invalid in math mode on input line 15.

LaTeX Font Info:    Try loading font information for +cmr on input line 15.
LaTeX Font Info:    No file cmr.fd. on input line 15.

LaTeX Font Warning: Font shape `/cmr/m/n' undefined
(Font)              using `/cmr/m/n' instead on input line 15.

! Corrupted NFSS tables.
wrong@fontshape ...message {Corrupted NFSS tables}
                                                  error@fontshape else let f...
l.15 hîj!™æÚÖZ3^^EHR”^^X…9›\"•
                              5¬ÿrÆë6€€nÀÏp^^A^^?%€ŒsÎ²-pBˆŠë†^^E^^\ÍKX5@VLV...

? 
! Emergency stop.
wrong@fontshape ...message {Corrupted NFSS tables}
                                                  error@fontshape else let f...
l.15 hîj!™æÚÖZ3^^EHR”^^X…9›\"•
                              5¬ÿrÆë6€€nÀÏp^^A^^?%€ŒsÎ²-pBˆŠë†^^E^^\ÍKX5@VLV...
End of file on the terminal!

 
Here is how much of TeX's memory you used:
 16 strings out of 493848
 273 string characters out of 3155814
 48936 words of memory out of 3500000
 3390 multiletter control sequences out of 15000+200000
 3640 words of font info for 14 fonts, out of 3000000 for 9000
 714 hyphenation exceptions out of 8191
 18i,4n,12p,228b,93s stack positions out of 5000i,500n,10000p,200000b,50000s
!  ==> Fatal error occurred, no output PDF file produced!
